{"numFailedTestSuites":0,"numFailedTests":0,"numPassedTestSuites":1,"numPassedTests":17,"numPendingTestSuites":0,"numPendingTests":0,"numRuntimeErrorTestSuites":0,"numTodoTests":0,"numTotalTestSuites":1,"numTotalTests":17,"openHandles":[],"snapshot":{"added":0,"didUpdate":false,"failure":false,"filesAdded":0,"filesRemoved":0,"filesRemovedList":[],"filesUnmatched":0,"filesUpdated":0,"matched":4,"total":4,"unchecked":0,"uncheckedKeysByFile":[],"unmatched":0,"updated":0},"startTime":1687902951601,"success":true,"testResults":[{"assertionResults":[{"ancestorTitles":["Default button"],"duration":69,"failureDetails":[],"failureMessages":[],"fullName":"Default button has default color","invocations":1,"location":null,"numPassingAsserts":1,"retryReasons":[],"status":"passed","title":"has default color"},{"ancestorTitles":["Default button"],"duration":18,"failureDetails":[],"failureMessages":[],"fullName":"Default button renders with correct text","invocations":1,"location":null,"numPassingAsserts":1,"retryReasons":[],"status":"passed","title":"renders with correct text"},{"ancestorTitles":["Default button"],"duration":12,"failureDetails":[],"failureMessages":[],"fullName":"Default button has correct class","invocations":1,"location":null,"numPassingAsserts":1,"retryReasons":[],"status":"passed","title":"has correct class"},{"ancestorTitles":["Default button"],"duration":108,"failureDetails":[],"failureMessages":[],"fullName":"Default button does not have axe violations","invocations":1,"location":null,"numPassingAsserts":1,"retryReasons":[],"status":"passed","title":"does not have axe violations"},{"ancestorTitles":["Default button"],"duration":13,"failureDetails":[],"failureMessages":[],"fullName":"Default button matches snapshot","invocations":1,"location":null,"numPassingAsserts":1,"retryReasons":[],"status":"passed","title":"matches snapshot"},{"ancestorTitles":["Green button"],"duration":18,"failureDetails":[],"failureMessages":[],"fullName":"Green button renders with correct text","invocations":1,"location":null,"numPassingAsserts":1,"retryReasons":[],"status":"passed","title":"renders with correct text"},{"ancestorTitles":["Green button"],"duration":12,"failureDetails":[],"failureMessages":[],"fullName":"Green button has correct class","invocations":1,"location":null,"numPassingAsserts":1,"retryReasons":[],"status":"passed","title":"has correct class"},{"ancestorTitles":["Green button"],"duration":34,"failureDetails":[],"failureMessages":[],"fullName":"Green button does not have axe violations","invocations":1,"location":null,"numPassingAsserts":1,"retryReasons":[],"status":"passed","title":"does not have axe violations"},{"ancestorTitles":["Green button"],"duration":2,"failureDetails":[],"failureMessages":[],"fullName":"Green button matches snapshot","invocations":1,"location":null,"numPassingAsserts":1,"retryReasons":[],"status":"passed","title":"matches snapshot"},{"ancestorTitles":["White button"],"duration":9,"failureDetails":[],"failureMessages":[],"fullName":"White button renders with correct text","invocations":1,"location":null,"numPassingAsserts":1,"retryReasons":[],"status":"passed","title":"renders with correct text"},{"ancestorTitles":["White button"],"duration":10,"failureDetails":[],"failureMessages":[],"fullName":"White button has correct class","invocations":1,"location":null,"numPassingAsserts":1,"retryReasons":[],"status":"passed","title":"has correct class"},{"ancestorTitles":["White button"],"duration":30,"failureDetails":[],"failureMessages":[],"fullName":"White button does not have axe violations","invocations":1,"location":null,"numPassingAsserts":1,"retryReasons":[],"status":"passed","title":"does not have axe violations"},{"ancestorTitles":["White button"],"duration":1,"failureDetails":[],"failureMessages":[],"fullName":"White button matches snapshot","invocations":1,"location":null,"numPassingAsserts":1,"retryReasons":[],"status":"passed","title":"matches snapshot"},{"ancestorTitles":["Link button"],"duration":12,"failureDetails":[],"failureMessages":[],"fullName":"Link button renders with correct text","invocations":1,"location":null,"numPassingAsserts":1,"retryReasons":[],"status":"passed","title":"renders with correct text"},{"ancestorTitles":["Link button"],"duration":7,"failureDetails":[],"failureMessages":[],"fullName":"Link button has correct class","invocations":1,"location":null,"numPassingAsserts":1,"retryReasons":[],"status":"passed","title":"has correct class"},{"ancestorTitles":["Link button"],"duration":34,"failureDetails":[],"failureMessages":[],"fullName":"Link button does not have axe violations","invocations":1,"location":null,"numPassingAsserts":1,"retryReasons":[],"status":"passed","title":"does not have axe violations"},{"ancestorTitles":["Link button"],"duration":2,"failureDetails":[],"failureMessages":[],"fullName":"Link button matches snapshot","invocations":1,"location":null,"numPassingAsserts":1,"retryReasons":[],"status":"passed","title":"matches snapshot"}],"endTime":1687902954437,"message":"","name":"/Users/chailandau/Projects/long-island-laser-tag/marketing-site/lilt-nextjs/src/atoms/Button/Button.test.tsx","startTime":1687902952389,"status":"passed","summary":""}],"wasInterrupted":false}
